<?xml version="1.0" encoding="UTF-8"?>
<!-- Generated by org.testng.reporters.JUnitXMLReporter -->
<testsuite ignored="0" hostname="APTINWLPF438MA5" failures="0" tests="1" name="OCE Engage App Testing chrome" time="0.283" errors="0" timestamp="2024-06-22T16:45:24 IST">
  <testcase classname="com.oceengage.testCases.BaseClass" name="@BeforeClass setup" time="0.05">
    <failure type="java.lang.NullPointerException" message="Cannot invoke &amp;quot;org.openqa.selenium.WebDriver.findElement(org.openqa.selenium.By)&amp;quot; because &amp;quot;com.oceengage.testCases.BaseClass.driver&amp;quot; is null">
      <![CDATA[java.lang.NullPointerException: Cannot invoke "org.openqa.selenium.WebDriver.findElement(org.openqa.selenium.By)" because "com.oceengage.testCases.BaseClass.driver" is null
at com.oceengage.testCases.BaseClass.setup(BaseClass.java:56)
at java.base/java.util.ArrayList.forEach(ArrayList.java:1511)
... Removed 28 stack frames]]>
    </failure>
  </testcase> <!-- @BeforeClass setup -->
  <testcase classname="com.oceengage.testCases.BaseClass" name="@AfterClass tearDown" time="0.0">
    <skipped/>
  </testcase> <!-- @AfterClass tearDown -->
  <testcase classname="com.oceengage.testCases.TC_Initiation_002" name="InitiationPage" time="0.0">
    <skipped/>
  </testcase> <!-- InitiationPage -->
</testsuite> <!-- OCE Engage App Testing chrome -->
