<?xml version="1.0" encoding="UTF-8"?>
<testng-results ignored="0" total="1" passed="1" failed="0" skipped="0">
  <reporter-output>
  </reporter-output>
  <suite started-at="2024-06-14T21:00:39 IST" name="OCE_Engage_V1" finished-at="2024-06-14T21:01:11 IST" duration-ms="32186">
    <groups>
    </groups>
    <test started-at="2024-06-14T21:00:39 IST" name="OCE Engage App Testing chrome" finished-at="2024-06-14T21:01:11 IST" duration-ms="32186">
      <class name="com.oceengage.testCases.TC_Loging_001">
        <test-method is-config="true" signature="setup(java.lang.String)[pri:0, instance:com.oceengage.testCases.TC_Loging_001@c35172e]" started-at="2024-06-14T21:00:39 IST" name="setup" finished-at="2024-06-14T21:00:45 IST" duration-ms="6203" status="PASS">
          <params>
            <param index="0">
              <value>
                <![CDATA[chrome]]>
              </value>
            </param>
          </params>
          <reporter-output>
          </reporter-output>
        </test-method> <!-- setup -->
        <test-method signature="loginTest()[pri:0, instance:com.oceengage.testCases.TC_Loging_001@c35172e]" started-at="2024-06-14T21:00:45 IST" name="loginTest" finished-at="2024-06-14T21:01:10 IST" duration-ms="25262" status="PASS">
          <reporter-output>
          </reporter-output>
        </test-method> <!-- loginTest -->
        <test-method is-config="true" signature="tearDown()[pri:0, instance:com.oceengage.testCases.TC_Loging_001@c35172e]" started-at="2024-06-14T21:01:10 IST" name="tearDown" finished-at="2024-06-14T21:01:11 IST" duration-ms="456" status="PASS">
          <reporter-output>
          </reporter-output>
        </test-method> <!-- tearDown -->
      </class> <!-- com.oceengage.testCases.TC_Loging_001 -->
    </test> <!-- OCE Engage App Testing chrome -->
  </suite> <!-- OCE_Engage_V1 -->
</testng-results>
