<?xml version="1.0" encoding="UTF-8"?>
<testng-results ignored="0" total="1" passed="1" failed="0" skipped="0">
  <reporter-output>
  </reporter-output>
  <suite started-at="2024-06-22T21:46:03 IST" name="OCE_Engage_V1" finished-at="2024-06-22T21:48:49 IST" duration-ms="166375">
    <groups>
    </groups>
    <test started-at="2024-06-22T21:46:03 IST" name="OCE Engage App Testing chrome" finished-at="2024-06-22T21:48:49 IST" duration-ms="166375">
      <class name="com.oceengage.testCases.TC_Initiation_002">
        <test-method is-config="true" signature="setup(java.lang.String)[pri:0, instance:com.oceengage.testCases.TC_Initiation_002@3b956878]" started-at="2024-06-22T21:46:03 IST" name="setup" finished-at="2024-06-22T21:46:08 IST" duration-ms="4924" status="PASS">
          <params>
            <param index="0">
              <value>
                <![CDATA[chrome]]>
              </value>
            </param>
          </params>
          <reporter-output>
          </reporter-output>
        </test-method> <!-- setup -->
        <test-method signature="InitiationPage()[pri:0, instance:com.oceengage.testCases.TC_Initiation_002@3b956878]" started-at="2024-06-22T21:46:08 IST" name="InitiationPage" finished-at="2024-06-22T21:48:49 IST" duration-ms="161181" status="PASS">
          <reporter-output>
          </reporter-output>
        </test-method> <!-- InitiationPage -->
        <test-method is-config="true" signature="tearDown()[pri:0, instance:com.oceengage.testCases.TC_Initiation_002@3b956878]" started-at="2024-06-22T21:48:49 IST" name="tearDown" finished-at="2024-06-22T21:48:49 IST" duration-ms="0" status="PASS">
          <reporter-output>
          </reporter-output>
        </test-method> <!-- tearDown -->
      </class> <!-- com.oceengage.testCases.TC_Initiation_002 -->
    </test> <!-- OCE Engage App Testing chrome -->
  </suite> <!-- OCE_Engage_V1 -->
</testng-results>
